        -:    0:Source:../../../../../platform/Callback.h
        -:    0:Graph:objs/ATHandler_unit/ATHandler.gcno
        -:    0:Data:objs/ATHandler_unit/ATHandler.gcda
        -:    0:Runs:1
        -:    0:Programs:1
        -:    1:/* mbed Microcontroller Library
        -:    2: * Copyright (c) 2006-2015 ARM Limited
        -:    3: *
        -:    4: * Licensed under the Apache License, Version 2.0 (the "License");
        -:    5: * you may not use this file except in compliance with the License.
        -:    6: * You may obtain a copy of the License at
        -:    7: *
        -:    8: *     http://www.apache.org/licenses/LICENSE-2.0
        -:    9: *
        -:   10: * Unless required by applicable law or agreed to in writing, software
        -:   11: * distributed under the License is distributed on an "AS IS" BASIS,
        -:   12: * WITHOUT WARRANTIES OR CONDITIONS OF ANY KIND, either express or implied.
        -:   13: * See the License for the specific language governing permissions and
        -:   14: * limitations under the License.
        -:   15: */
        -:   16:#ifndef MBED_CALLBACK_H
        -:   17:#define MBED_CALLBACK_H
        -:   18:
        -:   19:#include <string.h>
        -:   20:#include <stdint.h>
        -:   21:#include <new>
        -:   22:#include "platform/mbed_assert.h"
        -:   23:#include "platform/mbed_toolchain.h"
        -:   24:
        -:   25:namespace mbed {
        -:   26:/** \addtogroup platform */
        -:   27:/** @{*/
        -:   28:/**
        -:   29: * \defgroup platform_Callback Callback class
        -:   30: * @{
        -:   31: */
        -:   32:
        -:   33:/** Callback class based on template specialization
        -:   34: *
        -:   35: * @note Synchronization level: Not protected
        -:   36: */
        -:   37:template <typename F>
        -:   38:class Callback;
        -:   39:
        -:   40:// Internal sfinae declarations
        -:   41://
        -:   42:// These are used to eliminate overloads based on type attributes
        -:   43:// 1. Does a function object have a call operator
        -:   44:// 2. Does a function object fit in the available storage
        -:   45://
        -:   46:// These eliminations are handled cleanly by the compiler and avoid
        -:   47:// massive and misleading error messages when confronted with an
        -:   48:// invalid type (or worse, runtime failures)
        -:   49:namespace detail {
        -:   50:    struct nil {};
        -:   51:
        -:   52:    template <bool B, typename R = nil>
        -:   53:    struct enable_if { typedef R type; };
        -:   54:
        -:   55:    template <typename R>
        -:   56:    struct enable_if<false, R> {};
        -:   57:
        -:   58:    template <typename M, M>
        -:   59:    struct is_type {
        -:   60:        static const bool value = true;
        -:   61:    };
        -:   62:}
        -:   63:
        -:   64:#define MBED_ENABLE_IF_CALLBACK_COMPATIBLE(F, M)                            \
        -:   65:    typename detail::enable_if<                                             \
        -:   66:            detail::is_type<M, &F::operator()>::value &&                    \
        -:   67:            sizeof(F) <= sizeof(uintptr_t)                                  \
        -:   68:        >::type = detail::nil()
        -:   69:
        -:   70:/** Callback class based on template specialization
        -:   71: *
        -:   72: * @note Synchronization level: Not protected
        -:   73: */
        -:   74:template <typename R>
        -:   75:class Callback<R()> {
        -:   76:public:
        -:   77:    /** Create a Callback with a static function
        -:   78:     *  @param func     Static function to attach
        -:   79:     */
    #####:   80:    Callback(R (*func)() = 0) {
    #####:   81:        if (!func) {
    #####:   82:            memset(this, 0, sizeof(Callback));
        -:   83:        } else {
    #####:   84:            generate(func);
        -:   85:        }
    #####:   86:    }
        -:   87:
        -:   88:    /** Attach a Callback
        -:   89:     *  @param func     The Callback to attach
        -:   90:     */
        3:   91:    Callback(const Callback<R()> &func) {
        3:   92:        if (func._ops) {
        2:   93:            func._ops->move(this, &func);
        -:   94:        }
        3:   95:        _ops = func._ops;
        3:   96:    }
        -:   97:
        -:   98:    /** Create a Callback with a member function
        -:   99:     *  @param obj      Pointer to object to invoke member function on
        -:  100:     *  @param method   Member function to attach
        -:  101:     */
        -:  102:    template<typename T, typename U>
       77:  103:    Callback(U *obj, R (T::*method)()) {
       77:  104:        generate(method_context<T, R (T::*)()>(obj, method));
       77:  105:    }
        -:  106:
        -:  107:    /** Create a Callback with a member function
        -:  108:     *  @param obj      Pointer to object to invoke member function on
        -:  109:     *  @param method   Member function to attach
        -:  110:     */
        -:  111:    template<typename T, typename U>
        -:  112:    Callback(const U *obj, R (T::*method)() const) {
        -:  113:        generate(method_context<const T, R (T::*)() const>(obj, method));
        -:  114:    }
        -:  115:
        -:  116:    /** Create a Callback with a member function
        -:  117:     *  @param obj      Pointer to object to invoke member function on
        -:  118:     *  @param method   Member function to attach
        -:  119:     */
        -:  120:    template<typename T, typename U>
        -:  121:    Callback(volatile U *obj, R (T::*method)() volatile) {
        -:  122:        generate(method_context<volatile T, R (T::*)() volatile>(obj, method));
        -:  123:    }
        -:  124:
        -:  125:    /** Create a Callback with a member function
        -:  126:     *  @param obj      Pointer to object to invoke member function on
        -:  127:     *  @param method   Member function to attach
        -:  128:     */
        -:  129:    template<typename T, typename U>
        -:  130:    Callback(const volatile U *obj, R (T::*method)() const volatile) {
        -:  131:        generate(method_context<const volatile T, R (T::*)() const volatile>(obj, method));
        -:  132:    }
        -:  133:
        -:  134:    /** Create a Callback with a static function and bound pointer
        -:  135:     *  @param func     Static function to attach
        -:  136:     *  @param arg      Pointer argument to function 
        -:  137:     */
        -:  138:    template<typename T, typename U>
        -:  139:    Callback(R (*func)(T*), U *arg) {
        -:  140:        generate(function_context<R (*)(T*), T>(func, arg));
        -:  141:    }
        -:  142:
        -:  143:    /** Create a Callback with a static function and bound pointer
        -:  144:     *  @param func     Static function to attach
        -:  145:     *  @param arg      Pointer argument to function 
        -:  146:     */
        -:  147:    template<typename T, typename U>
        -:  148:    Callback(R (*func)(const T*), const U *arg) {
        -:  149:        generate(function_context<R (*)(const T*), const T>(func, arg));
        -:  150:    }
        -:  151:
        -:  152:    /** Create a Callback with a static function and bound pointer
        -:  153:     *  @param func     Static function to attach
        -:  154:     *  @param arg      Pointer argument to function 
        -:  155:     */
        -:  156:    template<typename T, typename U>
        -:  157:    Callback(R (*func)(volatile T*), volatile U *arg) {
        -:  158:        generate(function_context<R (*)(volatile T*), volatile T>(func, arg));
        -:  159:    }
        -:  160:
        -:  161:    /** Create a Callback with a static function and bound pointer
        -:  162:     *  @param func     Static function to attach
        -:  163:     *  @param arg      Pointer argument to function 
        -:  164:     */
        -:  165:    template<typename T, typename U>
        -:  166:    Callback(R (*func)(const volatile T*), const volatile U *arg) {
        -:  167:        generate(function_context<R (*)(const volatile T*), const volatile T>(func, arg));
        -:  168:    }
        -:  169:
        -:  170:    /** Create a Callback with a function object
        -:  171:     *  @param f Function object to attach
        -:  172:     *  @note The function object is limited to a single word of storage
        -:  173:     */
        -:  174:    template <typename F>
        -:  175:    Callback(F f, MBED_ENABLE_IF_CALLBACK_COMPATIBLE(F, R (F::*)())) {
        -:  176:        generate(f);
        -:  177:    }
        -:  178:
        -:  179:    /** Create a Callback with a function object
        -:  180:     *  @param f Function object to attach
        -:  181:     *  @note The function object is limited to a single word of storage
        -:  182:     */
        -:  183:    template <typename F>
        -:  184:    Callback(const F f, MBED_ENABLE_IF_CALLBACK_COMPATIBLE(F, R (F::*)() const)) {
        -:  185:        generate(f);
        -:  186:    }
        -:  187:
        -:  188:    /** Create a Callback with a function object
        -:  189:     *  @param f Function object to attach
        -:  190:     *  @note The function object is limited to a single word of storage
        -:  191:     */
        -:  192:    template <typename F>
        -:  193:    Callback(volatile F f, MBED_ENABLE_IF_CALLBACK_COMPATIBLE(F, R (F::*)() volatile)) {
        -:  194:        generate(f);
        -:  195:    }
        -:  196:
        -:  197:    /** Create a Callback with a function object
        -:  198:     *  @param f Function object to attach
        -:  199:     *  @note The function object is limited to a single word of storage
        -:  200:     */
        -:  201:    template <typename F>
        -:  202:    Callback(const volatile F f, MBED_ENABLE_IF_CALLBACK_COMPATIBLE(F, R (F::*)() const volatile)) {
        -:  203:        generate(f);
        -:  204:    }
        -:  205:
        -:  206:    /** Create a Callback with a static function and bound pointer
        -:  207:     *  @param obj  Pointer to object to bind to function
        -:  208:     *  @param func Static function to attach
        -:  209:     *  @deprecated
        -:  210:     *      Arguments to callback have been reordered to Callback(func, arg)
        -:  211:     */
        -:  212:    template<typename T, typename U>
        -:  213:    MBED_DEPRECATED_SINCE("mbed-os-5.1",
        -:  214:        "Arguments to callback have been reordered to Callback(func, arg)")
        -:  215:    Callback(U *obj, R (*func)(T*)) {
        -:  216:        new (this) Callback(func, obj);
        -:  217:    }
        -:  218:
        -:  219:    /** Create a Callback with a static function and bound pointer
        -:  220:     *  @param obj  Pointer to object to bind to function
        -:  221:     *  @param func Static function to attach
        -:  222:     *  @deprecated
        -:  223:     *      Arguments to callback have been reordered to Callback(func, arg)
        -:  224:     */
        -:  225:    template<typename T, typename U>
        -:  226:    MBED_DEPRECATED_SINCE("mbed-os-5.1",
        -:  227:        "Arguments to callback have been reordered to Callback(func, arg)")
        -:  228:    Callback(const U *obj, R (*func)(const T*)) {
        -:  229:        new (this) Callback(func, obj);
        -:  230:    }
        -:  231:
        -:  232:    /** Create a Callback with a static function and bound pointer
        -:  233:     *  @param obj  Pointer to object to bind to function
        -:  234:     *  @param func Static function to attach
        -:  235:     *  @deprecated
        -:  236:     *      Arguments to callback have been reordered to Callback(func, arg)
        -:  237:     */
        -:  238:    template<typename T, typename U>
        -:  239:    MBED_DEPRECATED_SINCE("mbed-os-5.1",
        -:  240:        "Arguments to callback have been reordered to Callback(func, arg)")
        -:  241:    Callback(volatile U *obj, R (*func)(volatile T*)) {
        -:  242:        new (this) Callback(func, obj);
        -:  243:    }
        -:  244:
        -:  245:    /** Create a Callback with a static function and bound pointer
        -:  246:     *  @param obj  Pointer to object to bind to function
        -:  247:     *  @param func Static function to attach
        -:  248:     *  @deprecated
        -:  249:     *      Arguments to callback have been reordered to Callback(func, arg)
        -:  250:     */
        -:  251:    template<typename T, typename U>
        -:  252:    MBED_DEPRECATED_SINCE("mbed-os-5.1",
        -:  253:        "Arguments to callback have been reordered to Callback(func, arg)")
        -:  254:    Callback(const volatile U *obj, R (*func)(const volatile T*)) {
        -:  255:        new (this) Callback(func, obj);
        -:  256:    }
        -:  257:
        -:  258:    /** Destroy a callback
        -:  259:     */
    #####:  260:    ~Callback() {
    #####:  261:        if (_ops) {
    #####:  262:            _ops->dtor(this);
        -:  263:        }
    #####:  264:    }
        -:  265:
        -:  266:    /** Attach a static function
        -:  267:     *  @param func     Static function to attach
        -:  268:     *  @deprecated
        -:  269:     *      Replaced by simple assignment 'Callback cb = func'
        -:  270:     */
        -:  271:    MBED_DEPRECATED_SINCE("mbed-os-5.4",
        -:  272:        "Replaced by simple assignment 'Callback cb = func")
        -:  273:    void attach(R (*func)()) {
        -:  274:        this->~Callback();
        -:  275:        new (this) Callback(func);
        -:  276:    }
        -:  277:
        -:  278:    /** Attach a Callback
        -:  279:     *  @param func     The Callback to attach
        -:  280:     *  @deprecated
        -:  281:     *      Replaced by simple assignment 'Callback cb = func'
        -:  282:     */
        -:  283:    MBED_DEPRECATED_SINCE("mbed-os-5.4",
        -:  284:        "Replaced by simple assignment 'Callback cb = func")
        -:  285:    void attach(const Callback<R()> &func) {
        -:  286:        this->~Callback();
        -:  287:        new (this) Callback(func);
        -:  288:    }
        -:  289:
        -:  290:    /** Attach a member function
        -:  291:     *  @param obj      Pointer to object to invoke member function on
        -:  292:     *  @param method   Member function to attach
        -:  293:     *  @deprecated
        -:  294:     *      Replaced by simple assignment 'Callback cb = func'
        -:  295:     */
        -:  296:    template<typename T, typename U>
        -:  297:    MBED_DEPRECATED_SINCE("mbed-os-5.4",
        -:  298:        "Replaced by simple assignment 'Callback cb = func")
        -:  299:    void attach(U *obj, R (T::*method)()) {
        -:  300:        this->~Callback();
        -:  301:        new (this) Callback(obj, method);
        -:  302:    }
        -:  303:
        -:  304:    /** Attach a member function
        -:  305:     *  @param obj      Pointer to object to invoke member function on
        -:  306:     *  @param method   Member function to attach
        -:  307:     *  @deprecated
        -:  308:     *      Replaced by simple assignment 'Callback cb = func'
        -:  309:     */
        -:  310:    template<typename T, typename U>
        -:  311:    MBED_DEPRECATED_SINCE("mbed-os-5.4",
        -:  312:        "Replaced by simple assignment 'Callback cb = func")
        -:  313:    void attach(const U *obj, R (T::*method)() const) {
        -:  314:        this->~Callback();
        -:  315:        new (this) Callback(obj, method);
        -:  316:    }
        -:  317:
        -:  318:    /** Attach a member function
        -:  319:     *  @param obj      Pointer to object to invoke member function on
        -:  320:     *  @param method   Member function to attach
        -:  321:     *  @deprecated
        -:  322:     *      Replaced by simple assignment 'Callback cb = func'
        -:  323:     */
        -:  324:    template<typename T, typename U>
        -:  325:    MBED_DEPRECATED_SINCE("mbed-os-5.4",
        -:  326:        "Replaced by simple assignment 'Callback cb = func")
        -:  327:    void attach(volatile U *obj, R (T::*method)() volatile) {
        -:  328:        this->~Callback();
        -:  329:        new (this) Callback(obj, method);
        -:  330:    }
        -:  331:
        -:  332:    /** Attach a member function
        -:  333:     *  @param obj      Pointer to object to invoke member function on
        -:  334:     *  @param method   Member function to attach
        -:  335:     *  @deprecated
        -:  336:     *      Replaced by simple assignment 'Callback cb = func'
        -:  337:     */
        -:  338:    template<typename T, typename U>
        -:  339:    MBED_DEPRECATED_SINCE("mbed-os-5.4",
        -:  340:        "Replaced by simple assignment 'Callback cb = func")
        -:  341:    void attach(const volatile U *obj, R (T::*method)() const volatile) {
        -:  342:        this->~Callback();
        -:  343:        new (this) Callback(obj, method);
        -:  344:    }
        -:  345:
        -:  346:    /** Attach a static function with a bound pointer
        -:  347:     *  @param func     Static function to attach
        -:  348:     *  @param arg      Pointer argument to function
        -:  349:     *  @deprecated
        -:  350:     *      Replaced by simple assignment 'Callback cb = func'
        -:  351:     */
        -:  352:    template <typename T, typename U>
        -:  353:    MBED_DEPRECATED_SINCE("mbed-os-5.4",
        -:  354:        "Replaced by simple assignment 'Callback cb = func")
        -:  355:    void attach(R (*func)(T*), U *arg) {
        -:  356:        this->~Callback();
        -:  357:        new (this) Callback(func, arg);
        -:  358:    }
        -:  359:
        -:  360:    /** Attach a static function with a bound pointer
        -:  361:     *  @param func     Static function to attach
        -:  362:     *  @param arg      Pointer argument to function
        -:  363:     *  @deprecated
        -:  364:     *      Replaced by simple assignment 'Callback cb = func'
        -:  365:     */
        -:  366:    template <typename T, typename U>
        -:  367:    MBED_DEPRECATED_SINCE("mbed-os-5.4",
        -:  368:        "Replaced by simple assignment 'Callback cb = func")
        -:  369:    void attach(R (*func)(const T*), const U *arg) {
        -:  370:        this->~Callback();
        -:  371:        new (this) Callback(func, arg);
        -:  372:    }
        -:  373:
        -:  374:    /** Attach a static function with a bound pointer
        -:  375:     *  @param func     Static function to attach
        -:  376:     *  @param arg      Pointer argument to function
        -:  377:     *  @deprecated
        -:  378:     *      Replaced by simple assignment 'Callback cb = func'
        -:  379:     */
        -:  380:    template <typename T, typename U>
        -:  381:    MBED_DEPRECATED_SINCE("mbed-os-5.4",
        -:  382:        "Replaced by simple assignment 'Callback cb = func")
        -:  383:    void attach(R (*func)(volatile T*), volatile U *arg) {
        -:  384:        this->~Callback();
        -:  385:        new (this) Callback(func, arg);
        -:  386:    }
        -:  387:
        -:  388:    /** Attach a static function with a bound pointer
        -:  389:     *  @param func     Static function to attach
        -:  390:     *  @param arg      Pointer argument to function
        -:  391:     *  @deprecated
        -:  392:     *      Replaced by simple assignment 'Callback cb = func'
        -:  393:     */
        -:  394:    template <typename T, typename U>
        -:  395:    MBED_DEPRECATED_SINCE("mbed-os-5.4",
        -:  396:        "Replaced by simple assignment 'Callback cb = func")
        -:  397:    void attach(R (*func)(const volatile T*), const volatile U *arg) {
        -:  398:        this->~Callback();
        -:  399:        new (this) Callback(func, arg);
        -:  400:    }
        -:  401:
        -:  402:    /** Attach a function object
        -:  403:     *  @param f     Function object to attach
        -:  404:     *  @note The function object is limited to a single word of storage
        -:  405:     *  @deprecated
        -:  406:     *      Replaced by simple assignment 'Callback cb = func'
        -:  407:     */
        -:  408:    template <typename F>
        -:  409:    MBED_DEPRECATED_SINCE("mbed-os-5.4",
        -:  410:        "Replaced by simple assignment 'Callback cb = func")
        -:  411:    void attach(F f, MBED_ENABLE_IF_CALLBACK_COMPATIBLE(F, R (F::*)())) {
        -:  412:        this->~Callback();
        -:  413:        new (this) Callback(f);
        -:  414:    }
        -:  415:
        -:  416:    /** Attach a function object
        -:  417:     *  @param f     Function object to attach
        -:  418:     *  @note The function object is limited to a single word of storage
        -:  419:     *  @deprecated
        -:  420:     *      Replaced by simple assignment 'Callback cb = func'
        -:  421:     */
        -:  422:    template <typename F>
        -:  423:    MBED_DEPRECATED_SINCE("mbed-os-5.4",
        -:  424:        "Replaced by simple assignment 'Callback cb = func")
        -:  425:    void attach(const F f, MBED_ENABLE_IF_CALLBACK_COMPATIBLE(F, R (F::*)() const)) {
        -:  426:        this->~Callback();
        -:  427:        new (this) Callback(f);
        -:  428:    }
        -:  429:
        -:  430:    /** Attach a function object
        -:  431:     *  @param f Function object to attach
        -:  432:     *  @note The function object is limited to a single word of storage
        -:  433:     *  @deprecated
        -:  434:     *      Replaced by simple assignment 'Callback cb = func'
        -:  435:     */
        -:  436:    template <typename F>
        -:  437:    MBED_DEPRECATED_SINCE("mbed-os-5.4",
        -:  438:        "Replaced by simple assignment 'Callback cb = func")
        -:  439:    void attach(volatile F f, MBED_ENABLE_IF_CALLBACK_COMPATIBLE(F, R (F::*)() volatile)) {
        -:  440:        this->~Callback();
        -:  441:        new (this) Callback(f);
        -:  442:    }
        -:  443:
        -:  444:    /** Attach a function object
        -:  445:     *  @param f Function object to attach
        -:  446:     *  @note The function object is limited to a single word of storage
        -:  447:     *  @deprecated
        -:  448:     *      Replaced by simple assignment 'Callback cb = func'
        -:  449:     */
        -:  450:    template <typename F>
        -:  451:    MBED_DEPRECATED_SINCE("mbed-os-5.4",
        -:  452:        "Replaced by simple assignment 'Callback cb = func")
        -:  453:    void attach(const volatile F f, MBED_ENABLE_IF_CALLBACK_COMPATIBLE(F, R (F::*)() const volatile)) {
        -:  454:        this->~Callback();
        -:  455:        new (this) Callback(f);
        -:  456:    }
        -:  457:
        -:  458:    /** Attach a static function with a bound pointer
        -:  459:     *  @param obj  Pointer to object to bind to function
        -:  460:     *  @param func Static function to attach
        -:  461:     *  @deprecated
        -:  462:     *      Arguments to callback have been reordered to attach(func, arg)
        -:  463:     */
        -:  464:    template <typename T, typename U>
        -:  465:    MBED_DEPRECATED_SINCE("mbed-os-5.1",
        -:  466:        "Arguments to callback have been reordered to attach(func, arg)")
        -:  467:    void attach(U *obj, R (*func)(T*)) {
        -:  468:        this->~Callback();
        -:  469:        new (this) Callback(func, obj);
        -:  470:    }
        -:  471:
        -:  472:    /** Attach a static function with a bound pointer
        -:  473:     *  @param obj  Pointer to object to bind to function
        -:  474:     *  @param func Static function to attach
        -:  475:     *  @deprecated
        -:  476:     *      Arguments to callback have been reordered to attach(func, arg)
        -:  477:     */
        -:  478:    template <typename T, typename U>
        -:  479:    MBED_DEPRECATED_SINCE("mbed-os-5.1",
        -:  480:        "Arguments to callback have been reordered to attach(func, arg)")
        -:  481:    void attach(const U *obj, R (*func)(const T*)) {
        -:  482:        this->~Callback();
        -:  483:        new (this) Callback(func, obj);
        -:  484:    }
        -:  485:
        -:  486:    /** Attach a static function with a bound pointer
        -:  487:     *  @param obj  Pointer to object to bind to function
        -:  488:     *  @param func Static function to attach
        -:  489:     *  @deprecated
        -:  490:     *      Arguments to callback have been reordered to attach(func, arg)
        -:  491:     */
        -:  492:    template <typename T, typename U>
        -:  493:    MBED_DEPRECATED_SINCE("mbed-os-5.1",
        -:  494:        "Arguments to callback have been reordered to attach(func, arg)")
        -:  495:    void attach(volatile U *obj, R (*func)(volatile T*)) {
        -:  496:        this->~Callback();
        -:  497:        new (this) Callback(func, obj);
        -:  498:    }
        -:  499:
        -:  500:    /** Attach a static function with a bound pointer
        -:  501:     *  @param obj  Pointer to object to bind to function
        -:  502:     *  @param func Static function to attach
        -:  503:     *  @deprecated
        -:  504:     *      Arguments to callback have been reordered to attach(func, arg)
        -:  505:     */
        -:  506:    template <typename T, typename U>
        -:  507:    MBED_DEPRECATED_SINCE("mbed-os-5.1",
        -:  508:        "Arguments to callback have been reordered to attach(func, arg)")
        -:  509:    void attach(const volatile U *obj, R (*func)(const volatile T*)) {
        -:  510:        this->~Callback();
        -:  511:        new (this) Callback(func, obj);
        -:  512:    }
        -:  513:
        -:  514:    /** Assign a callback
        -:  515:     */
        3:  516:    Callback &operator=(const Callback &that) {
        3:  517:        if (this != &that) {
        3:  518:            this->~Callback();
        3:  519:            new (this) Callback(that);
        -:  520:        }
        -:  521:
        3:  522:        return *this;
        -:  523:    }
        -:  524:
        -:  525:    /** Call the attached function
        -:  526:     */
    #####:  527:    R call() const {
    #####:  528:        MBED_ASSERT(_ops);
    #####:  529:        return _ops->call(this);
        -:  530:    }
        -:  531:
        -:  532:    /** Call the attached function
        -:  533:     */
    #####:  534:    R operator()() const {
    #####:  535:        return call();
        -:  536:    }
        -:  537:
        -:  538:    /** Test if function has been attached
        -:  539:     */
        3:  540:    operator bool() const {
        3:  541:        return _ops;
        -:  542:    }
        -:  543:
        -:  544:    /** Test for equality
        -:  545:     */
        -:  546:    friend bool operator==(const Callback &l, const Callback &r) {
        -:  547:        return memcmp(&l, &r, sizeof(Callback)) == 0;
        -:  548:    }
        -:  549:
        -:  550:    /** Test for inequality
        -:  551:     */
        -:  552:    friend bool operator!=(const Callback &l, const Callback &r) {
        -:  553:        return !(l == r);
        -:  554:    }
        -:  555:
        -:  556:    /** Static thunk for passing as C-style function
        -:  557:     *  @param func Callback to call passed as void pointer
        -:  558:     *  @return the value as determined by func which is of 
        -:  559:     *      type and determined by the signiture of func
        -:  560:     */
        -:  561:    static R thunk(void *func) {
        -:  562:        return static_cast<Callback*>(func)->call();
        -:  563:    }
        -:  564:
        -:  565:private:
        -:  566:    // Stored as pointer to function and pointer to optional object
        -:  567:    // Function pointer is stored as union of possible function types
        -:  568:    // to garuntee proper size and alignment
        -:  569:    struct _class;
        -:  570:    union {
        -:  571:        void (*_staticfunc)();
        -:  572:        void (*_boundfunc)(_class*);
        -:  573:        void (_class::*_methodfunc)();
        -:  574:    } _func;
        -:  575:    void *_obj;
        -:  576:
        -:  577:    // Dynamically dispatched operations
        -:  578:    const struct ops {
        -:  579:        R (*call)(const void*);
        -:  580:        void (*move)(void*, const void*);
        -:  581:        void (*dtor)(void*);
        -:  582:    } *_ops;
        -:  583:
        -:  584:    // Generate operations for function object
        -:  585:    template <typename F>
       77:  586:    void generate(const F &f) {
        -:  587:        static const ops ops = {
        -:  588:            &Callback::function_call<F>,
        -:  589:            &Callback::function_move<F>,
        -:  590:            &Callback::function_dtor<F>,
        -:  591:        };
        -:  592:
        -:  593:        MBED_STATIC_ASSERT(sizeof(Callback) - sizeof(_ops) >= sizeof(F),
        -:  594:                "Type F must not exceed the size of the Callback class");
       77:  595:        memset(this, 0, sizeof(Callback));
       77:  596:        new (this) F(f);
       77:  597:        _ops = &ops;
       77:  598:    }
        -:  599:
        -:  600:    // Function attributes
        -:  601:    template <typename F>
       38:  602:    static R function_call(const void *p) {
       38:  603:        return (*(F*)p)();
        -:  604:    }
        -:  605:
        -:  606:    template <typename F>
    #####:  607:    static void function_move(void *d, const void *p) {
    #####:  608:        new (d) F(*(F*)p);
    #####:  609:    }
        -:  610:
        -:  611:    template <typename F>
       77:  612:    static void function_dtor(void *p) {
        -:  613:        ((F*)p)->~F();
       77:  614:    }
        -:  615:
        -:  616:    // Wrappers for functions with context
        -:  617:    template <typename O, typename M>
        -:  618:    struct method_context {
        -:  619:        M method;
        -:  620:        O *obj;
        -:  621:
       77:  622:        method_context(O *obj, M method)
       77:  623:            : method(method), obj(obj) {}
        -:  624:
       38:  625:        R operator()() const {
       38:  626:            return (obj->*method)();
        -:  627:        }
        -:  628:    };
        -:  629:
        -:  630:    template <typename F, typename A>
        -:  631:    struct function_context {
        -:  632:        F func;
        -:  633:        A *arg;
        -:  634:
        -:  635:        function_context(F func, A *arg)
        -:  636:            : func(func), arg(arg) {}
        -:  637:
        -:  638:        R operator()() const {
        -:  639:            return func(arg);
        -:  640:        }
        -:  641:    };
        -:  642:};
        -:  643:
        -:  644:/** Callback class based on template specialization
        -:  645: *
        -:  646: * @note Synchronization level: Not protected
        -:  647: */
        -:  648:template <typename R, typename A0>
        -:  649:class Callback<R(A0)> {
        -:  650:public:
        -:  651:    /** Create a Callback with a static function
        -:  652:     *  @param func     Static function to attach
        -:  653:     */
        -:  654:    Callback(R (*func)(A0) = 0) {
        -:  655:        if (!func) {
        -:  656:            memset(this, 0, sizeof(Callback));
        -:  657:        } else {
        -:  658:            generate(func);
        -:  659:        }
        -:  660:    }
        -:  661:
        -:  662:    /** Attach a Callback
        -:  663:     *  @param func     The Callback to attach
        -:  664:     */
        -:  665:    Callback(const Callback<R(A0)> &func) {
        -:  666:        if (func._ops) {
        -:  667:            func._ops->move(this, &func);
        -:  668:        }
        -:  669:        _ops = func._ops;
        -:  670:    }
        -:  671:
        -:  672:    /** Create a Callback with a member function
        -:  673:     *  @param obj      Pointer to object to invoke member function on
        -:  674:     *  @param method   Member function to attach
        -:  675:     */
        -:  676:    template<typename T, typename U>
        -:  677:    Callback(U *obj, R (T::*method)(A0)) {
        -:  678:        generate(method_context<T, R (T::*)(A0)>(obj, method));
        -:  679:    }
        -:  680:
        -:  681:    /** Create a Callback with a member function
        -:  682:     *  @param obj      Pointer to object to invoke member function on
        -:  683:     *  @param method   Member function to attach
        -:  684:     */
        -:  685:    template<typename T, typename U>
        -:  686:    Callback(const U *obj, R (T::*method)(A0) const) {
        -:  687:        generate(method_context<const T, R (T::*)(A0) const>(obj, method));
        -:  688:    }
        -:  689:
        -:  690:    /** Create a Callback with a member function
        -:  691:     *  @param obj      Pointer to object to invoke member function on
        -:  692:     *  @param method   Member function to attach
        -:  693:     */
        -:  694:    template<typename T, typename U>
        -:  695:    Callback(volatile U *obj, R (T::*method)(A0) volatile) {
        -:  696:        generate(method_context<volatile T, R (T::*)(A0) volatile>(obj, method));
        -:  697:    }
        -:  698:
        -:  699:    /** Create a Callback with a member function
        -:  700:     *  @param obj      Pointer to object to invoke member function on
        -:  701:     *  @param method   Member function to attach
        -:  702:     */
        -:  703:    template<typename T, typename U>
        -:  704:    Callback(const volatile U *obj, R (T::*method)(A0) const volatile) {
        -:  705:        generate(method_context<const volatile T, R (T::*)(A0) const volatile>(obj, method));
        -:  706:    }
        -:  707:
        -:  708:    /** Create a Callback with a static function and bound pointer
        -:  709:     *  @param func     Static function to attach
        -:  710:     *  @param arg      Pointer argument to function 
        -:  711:     */
        -:  712:    template<typename T, typename U>
        -:  713:    Callback(R (*func)(T*, A0), U *arg) {
        -:  714:        generate(function_context<R (*)(T*, A0), T>(func, arg));
        -:  715:    }
        -:  716:
        -:  717:    /** Create a Callback with a static function and bound pointer
        -:  718:     *  @param func     Static function to attach
        -:  719:     *  @param arg      Pointer argument to function 
        -:  720:     */
        -:  721:    template<typename T, typename U>
        -:  722:    Callback(R (*func)(const T*, A0), const U *arg) {
        -:  723:        generate(function_context<R (*)(const T*, A0), const T>(func, arg));
        -:  724:    }
        -:  725:
        -:  726:    /** Create a Callback with a static function and bound pointer
        -:  727:     *  @param func     Static function to attach
        -:  728:     *  @param arg      Pointer argument to function 
        -:  729:     */
        -:  730:    template<typename T, typename U>
        -:  731:    Callback(R (*func)(volatile T*, A0), volatile U *arg) {
        -:  732:        generate(function_context<R (*)(volatile T*, A0), volatile T>(func, arg));
        -:  733:    }
        -:  734:
        -:  735:    /** Create a Callback with a static function and bound pointer
        -:  736:     *  @param func     Static function to attach
        -:  737:     *  @param arg      Pointer argument to function 
        -:  738:     */
        -:  739:    template<typename T, typename U>
        -:  740:    Callback(R (*func)(const volatile T*, A0), const volatile U *arg) {
        -:  741:        generate(function_context<R (*)(const volatile T*, A0), const volatile T>(func, arg));
        -:  742:    }
        -:  743:
        -:  744:    /** Create a Callback with a function object
        -:  745:     *  @param f Function object to attach
        -:  746:     *  @note The function object is limited to a single word of storage
        -:  747:     */
        -:  748:    template <typename F>
        -:  749:    Callback(F f, MBED_ENABLE_IF_CALLBACK_COMPATIBLE(F, R (F::*)(A0))) {
        -:  750:        generate(f);
        -:  751:    }
        -:  752:
        -:  753:    /** Create a Callback with a function object
        -:  754:     *  @param f Function object to attach
        -:  755:     *  @note The function object is limited to a single word of storage
        -:  756:     */
        -:  757:    template <typename F>
        -:  758:    Callback(const F f, MBED_ENABLE_IF_CALLBACK_COMPATIBLE(F, R (F::*)(A0) const)) {
        -:  759:        generate(f);
        -:  760:    }
        -:  761:
        -:  762:    /** Create a Callback with a function object
        -:  763:     *  @param f Function object to attach
        -:  764:     *  @note The function object is limited to a single word of storage
        -:  765:     */
        -:  766:    template <typename F>
        -:  767:    Callback(volatile F f, MBED_ENABLE_IF_CALLBACK_COMPATIBLE(F, R (F::*)(A0) volatile)) {
        -:  768:        generate(f);
        -:  769:    }
        -:  770:
        -:  771:    /** Create a Callback with a function object
        -:  772:     *  @param f Function object to attach
        -:  773:     *  @note The function object is limited to a single word of storage
        -:  774:     */
        -:  775:    template <typename F>
        -:  776:    Callback(const volatile F f, MBED_ENABLE_IF_CALLBACK_COMPATIBLE(F, R (F::*)(A0) const volatile)) {
        -:  777:        generate(f);
        -:  778:    }
        -:  779:
        -:  780:    /** Create a Callback with a static function and bound pointer
        -:  781:     *  @param obj  Pointer to object to bind to function
        -:  782:     *  @param func Static function to attach
        -:  783:     *  @deprecated
        -:  784:     *      Arguments to callback have been reordered to Callback(func, arg)
        -:  785:     */
        -:  786:    template<typename T, typename U>
        -:  787:    MBED_DEPRECATED_SINCE("mbed-os-5.1",
        -:  788:        "Arguments to callback have been reordered to Callback(func, arg)")
        -:  789:    Callback(U *obj, R (*func)(T*, A0)) {
        -:  790:        new (this) Callback(func, obj);
        -:  791:    }
        -:  792:
        -:  793:    /** Create a Callback with a static function and bound pointer
        -:  794:     *  @param obj  Pointer to object to bind to function
        -:  795:     *  @param func Static function to attach
        -:  796:     *  @deprecated
        -:  797:     *      Arguments to callback have been reordered to Callback(func, arg)
        -:  798:     */
        -:  799:    template<typename T, typename U>
        -:  800:    MBED_DEPRECATED_SINCE("mbed-os-5.1",
        -:  801:        "Arguments to callback have been reordered to Callback(func, arg)")
        -:  802:    Callback(const U *obj, R (*func)(const T*, A0)) {
        -:  803:        new (this) Callback(func, obj);
        -:  804:    }
        -:  805:
        -:  806:    /** Create a Callback with a static function and bound pointer
        -:  807:     *  @param obj  Pointer to object to bind to function
        -:  808:     *  @param func Static function to attach
        -:  809:     *  @deprecated
        -:  810:     *      Arguments to callback have been reordered to Callback(func, arg)
        -:  811:     */
        -:  812:    template<typename T, typename U>
        -:  813:    MBED_DEPRECATED_SINCE("mbed-os-5.1",
        -:  814:        "Arguments to callback have been reordered to Callback(func, arg)")
        -:  815:    Callback(volatile U *obj, R (*func)(volatile T*, A0)) {
        -:  816:        new (this) Callback(func, obj);
        -:  817:    }
        -:  818:
        -:  819:    /** Create a Callback with a static function and bound pointer
        -:  820:     *  @param obj  Pointer to object to bind to function
        -:  821:     *  @param func Static function to attach
        -:  822:     *  @deprecated
        -:  823:     *      Arguments to callback have been reordered to Callback(func, arg)
        -:  824:     */
        -:  825:    template<typename T, typename U>
        -:  826:    MBED_DEPRECATED_SINCE("mbed-os-5.1",
        -:  827:        "Arguments to callback have been reordered to Callback(func, arg)")
        -:  828:    Callback(const volatile U *obj, R (*func)(const volatile T*, A0)) {
        -:  829:        new (this) Callback(func, obj);
        -:  830:    }
        -:  831:
        -:  832:    /** Destroy a callback
        -:  833:     */
        -:  834:    ~Callback() {
        -:  835:        if (_ops) {
        -:  836:            _ops->dtor(this);
        -:  837:        }
        -:  838:    }
        -:  839:
        -:  840:    /** Attach a static function
        -:  841:     *  @param func     Static function to attach
        -:  842:     *  @deprecated
        -:  843:     *      Replaced by simple assignment 'Callback cb = func'
        -:  844:     */
        -:  845:    MBED_DEPRECATED_SINCE("mbed-os-5.4",
        -:  846:        "Replaced by simple assignment 'Callback cb = func")
        -:  847:    void attach(R (*func)(A0)) {
        -:  848:        this->~Callback();
        -:  849:        new (this) Callback(func);
        -:  850:    }
        -:  851:
        -:  852:    /** Attach a Callback
        -:  853:     *  @param func     The Callback to attach
        -:  854:     *  @deprecated
        -:  855:     *      Replaced by simple assignment 'Callback cb = func'
        -:  856:     */
        -:  857:    MBED_DEPRECATED_SINCE("mbed-os-5.4",
        -:  858:        "Replaced by simple assignment 'Callback cb = func")
        -:  859:    void attach(const Callback<R(A0)> &func) {
        -:  860:        this->~Callback();
        -:  861:        new (this) Callback(func);
        -:  862:    }
        -:  863:
        -:  864:    /** Attach a member function
        -:  865:     *  @param obj      Pointer to object to invoke member function on
        -:  866:     *  @param method   Member function to attach
        -:  867:     *  @deprecated
        -:  868:     *      Replaced by simple assignment 'Callback cb = func'
        -:  869:     */
        -:  870:    template<typename T, typename U>
        -:  871:    MBED_DEPRECATED_SINCE("mbed-os-5.4",
        -:  872:        "Replaced by simple assignment 'Callback cb = func")
        -:  873:    void attach(U *obj, R (T::*method)(A0)) {
        -:  874:        this->~Callback();
        -:  875:        new (this) Callback(obj, method);
        -:  876:    }
        -:  877:
        -:  878:    /** Attach a member function
        -:  879:     *  @param obj      Pointer to object to invoke member function on
        -:  880:     *  @param method   Member function to attach
        -:  881:     *  @deprecated
        -:  882:     *      Replaced by simple assignment 'Callback cb = func'
        -:  883:     */
        -:  884:    template<typename T, typename U>
        -:  885:    MBED_DEPRECATED_SINCE("mbed-os-5.4",
        -:  886:        "Replaced by simple assignment 'Callback cb = func")
        -:  887:    void attach(const U *obj, R (T::*method)(A0) const) {
        -:  888:        this->~Callback();
        -:  889:        new (this) Callback(obj, method);
        -:  890:    }
        -:  891:
        -:  892:    /** Attach a member function
        -:  893:     *  @param obj      Pointer to object to invoke member function on
        -:  894:     *  @param method   Member function to attach
        -:  895:     *  @deprecated
        -:  896:     *      Replaced by simple assignment 'Callback cb = func'
        -:  897:     */
        -:  898:    template<typename T, typename U>
        -:  899:    MBED_DEPRECATED_SINCE("mbed-os-5.4",
        -:  900:        "Replaced by simple assignment 'Callback cb = func")
        -:  901:    void attach(volatile U *obj, R (T::*method)(A0) volatile) {
        -:  902:        this->~Callback();
        -:  903:        new (this) Callback(obj, method);
        -:  904:    }
        -:  905:
        -:  906:    /** Attach a member function
        -:  907:     *  @param obj      Pointer to object to invoke member function on
        -:  908:     *  @param method   Member function to attach
        -:  909:     *  @deprecated
        -:  910:     *      Replaced by simple assignment 'Callback cb = func'
        -:  911:     */
        -:  912:    template<typename T, typename U>
        -:  913:    MBED_DEPRECATED_SINCE("mbed-os-5.4",
        -:  914:        "Replaced by simple assignment 'Callback cb = func")
        -:  915:    void attach(const volatile U *obj, R (T::*method)(A0) const volatile) {
        -:  916:        this->~Callback();
        -:  917:        new (this) Callback(obj, method);
        -:  918:    }
        -:  919:
        -:  920:    /** Attach a static function with a bound pointer
        -:  921:     *  @param func     Static function to attach
        -:  922:     *  @param arg      Pointer argument to function
        -:  923:     *  @deprecated
        -:  924:     *      Replaced by simple assignment 'Callback cb = func'
        -:  925:     */
        -:  926:    template <typename T, typename U>
        -:  927:    MBED_DEPRECATED_SINCE("mbed-os-5.4",
        -:  928:        "Replaced by simple assignment 'Callback cb = func")
        -:  929:    void attach(R (*func)(T*, A0), U *arg) {
        -:  930:        this->~Callback();
        -:  931:        new (this) Callback(func, arg);
        -:  932:    }
        -:  933:
        -:  934:    /** Attach a static function with a bound pointer
        -:  935:     *  @param func     Static function to attach
        -:  936:     *  @param arg      Pointer argument to function
        -:  937:     *  @deprecated
        -:  938:     *      Replaced by simple assignment 'Callback cb = func'
        -:  939:     */
        -:  940:    template <typename T, typename U>
        -:  941:    MBED_DEPRECATED_SINCE("mbed-os-5.4",
        -:  942:        "Replaced by simple assignment 'Callback cb = func")
        -:  943:    void attach(R (*func)(const T*, A0), const U *arg) {
        -:  944:        this->~Callback();
        -:  945:        new (this) Callback(func, arg);
        -:  946:    }
        -:  947:
        -:  948:    /** Attach a static function with a bound pointer
        -:  949:     *  @param func     Static function to attach
        -:  950:     *  @param arg      Pointer argument to function
        -:  951:     *  @deprecated
        -:  952:     *      Replaced by simple assignment 'Callback cb = func'
        -:  953:     */
        -:  954:    template <typename T, typename U>
        -:  955:    MBED_DEPRECATED_SINCE("mbed-os-5.4",
        -:  956:        "Replaced by simple assignment 'Callback cb = func")
        -:  957:    void attach(R (*func)(volatile T*, A0), volatile U *arg) {
        -:  958:        this->~Callback();
        -:  959:        new (this) Callback(func, arg);
        -:  960:    }
        -:  961:
        -:  962:    /** Attach a static function with a bound pointer
        -:  963:     *  @param func     Static function to attach
        -:  964:     *  @param arg      Pointer argument to function
        -:  965:     *  @deprecated
        -:  966:     *      Replaced by simple assignment 'Callback cb = func'
        -:  967:     */
        -:  968:    template <typename T, typename U>
        -:  969:    MBED_DEPRECATED_SINCE("mbed-os-5.4",
        -:  970:        "Replaced by simple assignment 'Callback cb = func")
        -:  971:    void attach(R (*func)(const volatile T*, A0), const volatile U *arg) {
        -:  972:        this->~Callback();
        -:  973:        new (this) Callback(func, arg);
        -:  974:    }
        -:  975:
        -:  976:    /** Attach a function object
        -:  977:     *  @param f Function object to attach
        -:  978:     *  @note The function object is limited to a single word of storage
        -:  979:     *  @deprecated
        -:  980:     *      Replaced by simple assignment 'Callback cb = func'
        -:  981:     */
        -:  982:    template <typename F>
        -:  983:    MBED_DEPRECATED_SINCE("mbed-os-5.4",
        -:  984:        "Replaced by simple assignment 'Callback cb = func")
        -:  985:    void attach(F f, MBED_ENABLE_IF_CALLBACK_COMPATIBLE(F, R (F::*)(A0))) {
        -:  986:        this->~Callback();
        -:  987:        new (this) Callback(f);
        -:  988:    }
        -:  989:
        -:  990:    /** Attach a function object
        -:  991:     *  @param f Function object to attach
        -:  992:     *  @note The function object is limited to a single word of storage
        -:  993:     *  @deprecated
        -:  994:     *      Replaced by simple assignment 'Callback cb = func'
        -:  995:     */
        -:  996:    template <typename F>
        -:  997:    MBED_DEPRECATED_SINCE("mbed-os-5.4",
        -:  998:        "Replaced by simple assignment 'Callback cb = func")
        -:  999:    void attach(const F f, MBED_ENABLE_IF_CALLBACK_COMPATIBLE(F, R (F::*)(A0) const)) {
        -: 1000:        this->~Callback();
        -: 1001:        new (this) Callback(f);
        -: 1002:    }
        -: 1003:
        -: 1004:    /** Attach a function object
        -: 1005:     *  @param f Function object to attach
        -: 1006:     *  @note The function object is limited to a single word of storage
        -: 1007:     *  @deprecated
        -: 1008:     *      Replaced by simple assignment 'Callback cb = func'
        -: 1009:     */
        -: 1010:    template <typename F>
        -: 1011:    MBED_DEPRECATED_SINCE("mbed-os-5.4",
        -: 1012:        "Replaced by simple assignment 'Callback cb = func")
        -: 1013:    void attach(volatile F f, MBED_ENABLE_IF_CALLBACK_COMPATIBLE(F, R (F::*)(A0) volatile)) {
        -: 1014:        this->~Callback();
        -: 1015:        new (this) Callback(f);
        -: 1016:    }
        -: 1017:
        -: 1018:    /** Attach a function object
        -: 1019:     *  @param f Function object to attach
        -: 1020:     *  @note The function object is limited to a single word of storage
        -: 1021:     *  @deprecated
        -: 1022:     *      Replaced by simple assignment 'Callback cb = func'
        -: 1023:     */
        -: 1024:    template <typename F>
        -: 1025:    MBED_DEPRECATED_SINCE("mbed-os-5.4",
        -: 1026:        "Replaced by simple assignment 'Callback cb = func")
        -: 1027:    void attach(const volatile F f, MBED_ENABLE_IF_CALLBACK_COMPATIBLE(F, R (F::*)(A0) const volatile)) {
        -: 1028:        this->~Callback();
        -: 1029:        new (this) Callback(f);
        -: 1030:    }
        -: 1031:
        -: 1032:    /** Attach a static function with a bound pointer
        -: 1033:     *  @param obj  Pointer to object to bind to function
        -: 1034:     *  @param func Static function to attach
        -: 1035:     *  @deprecated
        -: 1036:     *      Arguments to callback have been reordered to attach(func, arg)
        -: 1037:     */
        -: 1038:    template <typename T, typename U>
        -: 1039:    MBED_DEPRECATED_SINCE("mbed-os-5.1",
        -: 1040:        "Arguments to callback have been reordered to attach(func, arg)")
        -: 1041:    void attach(U *obj, R (*func)(T*, A0)) {
        -: 1042:        this->~Callback();
        -: 1043:        new (this) Callback(func, obj);
        -: 1044:    }
        -: 1045:
        -: 1046:    /** Attach a static function with a bound pointer
        -: 1047:     *  @param obj  Pointer to object to bind to function
        -: 1048:     *  @param func Static function to attach
        -: 1049:     *  @deprecated
        -: 1050:     *      Arguments to callback have been reordered to attach(func, arg)
        -: 1051:     */
        -: 1052:    template <typename T, typename U>
        -: 1053:    MBED_DEPRECATED_SINCE("mbed-os-5.1",
        -: 1054:        "Arguments to callback have been reordered to attach(func, arg)")
        -: 1055:    void attach(const U *obj, R (*func)(const T*, A0)) {
        -: 1056:        this->~Callback();
        -: 1057:        new (this) Callback(func, obj);
        -: 1058:    }
        -: 1059:
        -: 1060:    /** Attach a static function with a bound pointer
        -: 1061:     *  @param obj  Pointer to object to bind to function
        -: 1062:     *  @param func Static function to attach
        -: 1063:     *  @deprecated
        -: 1064:     *      Arguments to callback have been reordered to attach(func, arg)
        -: 1065:     */
        -: 1066:    template <typename T, typename U>
        -: 1067:    MBED_DEPRECATED_SINCE("mbed-os-5.1",
        -: 1068:        "Arguments to callback have been reordered to attach(func, arg)")
        -: 1069:    void attach(volatile U *obj, R (*func)(volatile T*, A0)) {
        -: 1070:        this->~Callback();
        -: 1071:        new (this) Callback(func, obj);
        -: 1072:    }
        -: 1073:
        -: 1074:    /** Attach a static function with a bound pointer
        -: 1075:     *  @param obj  Pointer to object to bind to function
        -: 1076:     *  @param func Static function to attach
        -: 1077:     *  @deprecated
        -: 1078:     *      Arguments to callback have been reordered to attach(func, arg)
        -: 1079:     */
        -: 1080:    template <typename T, typename U>
        -: 1081:    MBED_DEPRECATED_SINCE("mbed-os-5.1",
        -: 1082:        "Arguments to callback have been reordered to attach(func, arg)")
        -: 1083:    void attach(const volatile U *obj, R (*func)(const volatile T*, A0)) {
        -: 1084:        this->~Callback();
        -: 1085:        new (this) Callback(func, obj);
        -: 1086:    }
        -: 1087:
        -: 1088:    /** Assign a callback
        -: 1089:     */
        -: 1090:    Callback &operator=(const Callback &that) {
        -: 1091:        if (this != &that) {
        -: 1092:            this->~Callback();
        -: 1093:            new (this) Callback(that);
        -: 1094:        }
        -: 1095:
        -: 1096:        return *this;
        -: 1097:    }
        -: 1098:
        -: 1099:    /** Call the attached function
        -: 1100:     */
        -: 1101:    R call(A0 a0) const {
        -: 1102:        MBED_ASSERT(_ops);
        -: 1103:        return _ops->call(this, a0);
        -: 1104:    }
        -: 1105:
        -: 1106:    /** Call the attached function
        -: 1107:     */
        -: 1108:    R operator()(A0 a0) const {
        -: 1109:        return call(a0);
        -: 1110:    }
        -: 1111:
        -: 1112:    /** Test if function has been attached
        -: 1113:     */
        -: 1114:    operator bool() const {
        -: 1115:        return _ops;
        -: 1116:    }
        -: 1117:
        -: 1118:    /** Test for equality
        -: 1119:     */
        -: 1120:    friend bool operator==(const Callback &l, const Callback &r) {
        -: 1121:        return memcmp(&l, &r, sizeof(Callback)) == 0;
        -: 1122:    }
        -: 1123:
        -: 1124:    /** Test for inequality
        -: 1125:     */
        -: 1126:    friend bool operator!=(const Callback &l, const Callback &r) {
        -: 1127:        return !(l == r);
        -: 1128:    }
        -: 1129:
        -: 1130:    /** Static thunk for passing as C-style function
        -: 1131:     *  @param func Callback to call passed as void pointer
        -: 1132:     *  @param a0 An argument to be called with function func
        -: 1133:     *  @return the value as determined by func which is of 
        -: 1134:     *      type and determined by the signiture of func
        -: 1135:     */
        -: 1136:    static R thunk(void *func, A0 a0) {
        -: 1137:        return static_cast<Callback*>(func)->call(a0);
        -: 1138:    }
        -: 1139:
        -: 1140:private:
        -: 1141:    // Stored as pointer to function and pointer to optional object
        -: 1142:    // Function pointer is stored as union of possible function types
        -: 1143:    // to garuntee proper size and alignment
        -: 1144:    struct _class;
        -: 1145:    union {
        -: 1146:        void (*_staticfunc)(A0);
        -: 1147:        void (*_boundfunc)(_class*, A0);
        -: 1148:        void (_class::*_methodfunc)(A0);
        -: 1149:    } _func;
        -: 1150:    void *_obj;
        -: 1151:
        -: 1152:    // Dynamically dispatched operations
        -: 1153:    const struct ops {
        -: 1154:        R (*call)(const void*, A0);
        -: 1155:        void (*move)(void*, const void*);
        -: 1156:        void (*dtor)(void*);
        -: 1157:    } *_ops;
        -: 1158:
        -: 1159:    // Generate operations for function object
        -: 1160:    template <typename F>
        -: 1161:    void generate(const F &f) {
        -: 1162:        static const ops ops = {
        -: 1163:            &Callback::function_call<F>,
        -: 1164:            &Callback::function_move<F>,
        -: 1165:            &Callback::function_dtor<F>,
        -: 1166:        };
        -: 1167:
        -: 1168:        MBED_STATIC_ASSERT(sizeof(Callback) - sizeof(_ops) >= sizeof(F),
        -: 1169:                "Type F must not exceed the size of the Callback class");
        -: 1170:        memset(this, 0, sizeof(Callback));
        -: 1171:        new (this) F(f);
        -: 1172:        _ops = &ops;
        -: 1173:    }
        -: 1174:
        -: 1175:    // Function attributes
        -: 1176:    template <typename F>
        -: 1177:    static R function_call(const void *p, A0 a0) {
        -: 1178:        return (*(F*)p)(a0);
        -: 1179:    }
        -: 1180:
        -: 1181:    template <typename F>
        -: 1182:    static void function_move(void *d, const void *p) {
        -: 1183:        new (d) F(*(F*)p);
        -: 1184:    }
        -: 1185:
        -: 1186:    template <typename F>
        -: 1187:    static void function_dtor(void *p) {
        -: 1188:        ((F*)p)->~F();
        -: 1189:    }
        -: 1190:
        -: 1191:    // Wrappers for functions with context
        -: 1192:    template <typename O, typename M>
        -: 1193:    struct method_context {
        -: 1194:        M method;
        -: 1195:        O *obj;
        -: 1196:
        -: 1197:        method_context(O *obj, M method)
        -: 1198:            : method(method), obj(obj) {}
        -: 1199:
        -: 1200:        R operator()(A0 a0) const {
        -: 1201:            return (obj->*method)(a0);
        -: 1202:        }
        -: 1203:    };
        -: 1204:
        -: 1205:    template <typename F, typename A>
        -: 1206:    struct function_context {
        -: 1207:        F func;
        -: 1208:        A *arg;
        -: 1209:
        -: 1210:        function_context(F func, A *arg)
        -: 1211:            : func(func), arg(arg) {}
        -: 1212:
        -: 1213:        R operator()(A0 a0) const {
        -: 1214:            return func(arg, a0);
        -: 1215:        }
        -: 1216:    };
        -: 1217:};
        -: 1218:
        -: 1219:/** Callback class based on template specialization
        -: 1220: *
        -: 1221: * @note Synchronization level: Not protected
        -: 1222: */
        -: 1223:template <typename R, typename A0, typename A1>
        -: 1224:class Callback<R(A0, A1)> {
        -: 1225:public:
        -: 1226:    /** Create a Callback with a static function
        -: 1227:     *  @param func     Static function to attach
        -: 1228:     */
        -: 1229:    Callback(R (*func)(A0, A1) = 0) {
        -: 1230:        if (!func) {
        -: 1231:            memset(this, 0, sizeof(Callback));
        -: 1232:        } else {
        -: 1233:            generate(func);
        -: 1234:        }
        -: 1235:    }
        -: 1236:
        -: 1237:    /** Attach a Callback
        -: 1238:     *  @param func     The Callback to attach
        -: 1239:     */
        -: 1240:    Callback(const Callback<R(A0, A1)> &func) {
        -: 1241:        if (func._ops) {
        -: 1242:            func._ops->move(this, &func);
        -: 1243:        }
        -: 1244:        _ops = func._ops;
        -: 1245:    }
        -: 1246:
        -: 1247:    /** Create a Callback with a member function
        -: 1248:     *  @param obj      Pointer to object to invoke member function on
        -: 1249:     *  @param method   Member function to attach
        -: 1250:     */
        -: 1251:    template<typename T, typename U>
        -: 1252:    Callback(U *obj, R (T::*method)(A0, A1)) {
        -: 1253:        generate(method_context<T, R (T::*)(A0, A1)>(obj, method));
        -: 1254:    }
        -: 1255:
        -: 1256:    /** Create a Callback with a member function
        -: 1257:     *  @param obj      Pointer to object to invoke member function on
        -: 1258:     *  @param method   Member function to attach
        -: 1259:     */
        -: 1260:    template<typename T, typename U>
        -: 1261:    Callback(const U *obj, R (T::*method)(A0, A1) const) {
        -: 1262:        generate(method_context<const T, R (T::*)(A0, A1) const>(obj, method));
        -: 1263:    }
        -: 1264:
        -: 1265:    /** Create a Callback with a member function
        -: 1266:     *  @param obj      Pointer to object to invoke member function on
        -: 1267:     *  @param method   Member function to attach
        -: 1268:     */
        -: 1269:    template<typename T, typename U>
        -: 1270:    Callback(volatile U *obj, R (T::*method)(A0, A1) volatile) {
        -: 1271:        generate(method_context<volatile T, R (T::*)(A0, A1) volatile>(obj, method));
        -: 1272:    }
        -: 1273:
        -: 1274:    /** Create a Callback with a member function
        -: 1275:     *  @param obj      Pointer to object to invoke member function on
        -: 1276:     *  @param method   Member function to attach
        -: 1277:     */
        -: 1278:    template<typename T, typename U>
        -: 1279:    Callback(const volatile U *obj, R (T::*method)(A0, A1) const volatile) {
        -: 1280:        generate(method_context<const volatile T, R (T::*)(A0, A1) const volatile>(obj, method));
        -: 1281:    }
        -: 1282:
        -: 1283:    /** Create a Callback with a static function and bound pointer
        -: 1284:     *  @param func     Static function to attach
        -: 1285:     *  @param arg      Pointer argument to function 
        -: 1286:     */
        -: 1287:    template<typename T, typename U>
        -: 1288:    Callback(R (*func)(T*, A0, A1), U *arg) {
        -: 1289:        generate(function_context<R (*)(T*, A0, A1), T>(func, arg));
        -: 1290:    }
        -: 1291:
        -: 1292:    /** Create a Callback with a static function and bound pointer
        -: 1293:     *  @param func     Static function to attach
        -: 1294:     *  @param arg      Pointer argument to function 
        -: 1295:     */
        -: 1296:    template<typename T, typename U>
        -: 1297:    Callback(R (*func)(const T*, A0, A1), const U *arg) {
        -: 1298:        generate(function_context<R (*)(const T*, A0, A1), const T>(func, arg));
        -: 1299:    }
        -: 1300:
        -: 1301:    /** Create a Callback with a static function and bound pointer
        -: 1302:     *  @param func     Static function to attach
        -: 1303:     *  @param arg      Pointer argument to function 
        -: 1304:     */
        -: 1305:    template<typename T, typename U>
        -: 1306:    Callback(R (*func)(volatile T*, A0, A1), volatile U *arg) {
        -: 1307:        generate(function_context<R (*)(volatile T*, A0, A1), volatile T>(func, arg));
        -: 1308:    }
        -: 1309:
        -: 1310:    /** Create a Callback with a static function and bound pointer
        -: 1311:     *  @param func     Static function to attach
        -: 1312:     *  @param arg      Pointer argument to function 
        -: 1313:     */
        -: 1314:    template<typename T, typename U>
        -: 1315:    Callback(R (*func)(const volatile T*, A0, A1), const volatile U *arg) {
        -: 1316:        generate(function_context<R (*)(const volatile T*, A0, A1), const volatile T>(func, arg));
        -: 1317:    }
        -: 1318:
        -: 1319:    /** Create a Callback with a function object
        -: 1320:     *  @param f Function object to attach
        -: 1321:     *  @note The function object is limited to a single word of storage
        -: 1322:     */
        -: 1323:    template <typename F>
        -: 1324:    Callback(F f, MBED_ENABLE_IF_CALLBACK_COMPATIBLE(F, R (F::*)(A0, A1))) {
        -: 1325:        generate(f);
        -: 1326:    }
        -: 1327:
        -: 1328:    /** Create a Callback with a function object
        -: 1329:     *  @param f Function object to attach
        -: 1330:     *  @note The function object is limited to a single word of storage
        -: 1331:     */
        -: 1332:    template <typename F>
        -: 1333:    Callback(const F f, MBED_ENABLE_IF_CALLBACK_COMPATIBLE(F, R (F::*)(A0, A1) const)) {
        -: 1334:        generate(f);
        -: 1335:    }
        -: 1336:
        -: 1337:    /** Create a Callback with a function object
        -: 1338:     *  @param f Function object to attach
        -: 1339:     *  @note The function object is limited to a single word of storage
        -: 1340:     */
        -: 1341:    template <typename F>
        -: 1342:    Callback(volatile F f, MBED_ENABLE_IF_CALLBACK_COMPATIBLE(F, R (F::*)(A0, A1) volatile)) {
        -: 1343:        generate(f);
        -: 1344:    }
        -: 1345:
        -: 1346:    /** Create a Callback with a function object
        -: 1347:     *  @param f Function object to attach
        -: 1348:     *  @note The function object is limited to a single word of storage
        -: 1349:     */
        -: 1350:    template <typename F>
        -: 1351:    Callback(const volatile F f, MBED_ENABLE_IF_CALLBACK_COMPATIBLE(F, R (F::*)(A0, A1) const volatile)) {
        -: 1352:        generate(f);
        -: 1353:    }
        -: 1354:
        -: 1355:    /** Create a Callback with a static function and bound pointer
        -: 1356:     *  @param obj  Pointer to object to bind to function
        -: 1357:     *  @param func Static function to attach
        -: 1358:     *  @deprecated
        -: 1359:     *      Arguments to callback have been reordered to Callback(func, arg)
        -: 1360:     */
        -: 1361:    template<typename T, typename U>
        -: 1362:    MBED_DEPRECATED_SINCE("mbed-os-5.1",
        -: 1363:        "Arguments to callback have been reordered to Callback(func, arg)")
        -: 1364:    Callback(U *obj, R (*func)(T*, A0, A1)) {
        -: 1365:        new (this) Callback(func, obj);
        -: 1366:    }
        -: 1367:
        -: 1368:    /** Create a Callback with a static function and bound pointer
        -: 1369:     *  @param obj  Pointer to object to bind to function
        -: 1370:     *  @param func Static function to attach
        -: 1371:     *  @deprecated
        -: 1372:     *      Arguments to callback have been reordered to Callback(func, arg)
        -: 1373:     */
        -: 1374:    template<typename T, typename U>
        -: 1375:    MBED_DEPRECATED_SINCE("mbed-os-5.1",
        -: 1376:        "Arguments to callback have been reordered to Callback(func, arg)")
        -: 1377:    Callback(const U *obj, R (*func)(const T*, A0, A1)) {
        -: 1378:        new (this) Callback(func, obj);
        -: 1379:    }
        -: 1380:
        -: 1381:    /** Create a Callback with a static function and bound pointer
        -: 1382:     *  @param obj  Pointer to object to bind to function
        -: 1383:     *  @param func Static function to attach
        -: 1384:     *  @deprecated
        -: 1385:     *      Arguments to callback have been reordered to Callback(func, arg)
        -: 1386:     */
        -: 1387:    template<typename T, typename U>
        -: 1388:    MBED_DEPRECATED_SINCE("mbed-os-5.1",
        -: 1389:        "Arguments to callback have been reordered to Callback(func, arg)")
        -: 1390:    Callback(volatile U *obj, R (*func)(volatile T*, A0, A1)) {
        -: 1391:        new (this) Callback(func, obj);
        -: 1392:    }
        -: 1393:
        -: 1394:    /** Create a Callback with a static function and bound pointer
        -: 1395:     *  @param obj  Pointer to object to bind to function
        -: 1396:     *  @param func Static function to attach
        -: 1397:     *  @deprecated
        -: 1398:     *      Arguments to callback have been reordered to Callback(func, arg)
        -: 1399:     */
        -: 1400:    template<typename T, typename U>
        -: 1401:    MBED_DEPRECATED_SINCE("mbed-os-5.1",
        -: 1402:        "Arguments to callback have been reordered to Callback(func, arg)")
        -: 1403:    Callback(const volatile U *obj, R (*func)(const volatile T*, A0, A1)) {
        -: 1404:        new (this) Callback(func, obj);
        -: 1405:    }
        -: 1406:
        -: 1407:    /** Destroy a callback
        -: 1408:     */
        -: 1409:    ~Callback() {
        -: 1410:        if (_ops) {
        -: 1411:            _ops->dtor(this);
        -: 1412:        }
        -: 1413:    }
        -: 1414:
        -: 1415:    /** Attach a static function
        -: 1416:     *  @param func     Static function to attach
        -: 1417:     *  @deprecated
        -: 1418:     *      Replaced by simple assignment 'Callback cb = func'
        -: 1419:     */
        -: 1420:    MBED_DEPRECATED_SINCE("mbed-os-5.4",
        -: 1421:        "Replaced by simple assignment 'Callback cb = func")
        -: 1422:    void attach(R (*func)(A0, A1)) {
        -: 1423:        this->~Callback();
        -: 1424:        new (this) Callback(func);
        -: 1425:    }
        -: 1426:
        -: 1427:    /** Attach a Callback
        -: 1428:     *  @param func     The Callback to attach
        -: 1429:     *  @deprecated
        -: 1430:     *      Replaced by simple assignment 'Callback cb = func'
        -: 1431:     */
        -: 1432:    MBED_DEPRECATED_SINCE("mbed-os-5.4",
        -: 1433:        "Replaced by simple assignment 'Callback cb = func")
        -: 1434:    void attach(const Callback<R(A0, A1)> &func) {
        -: 1435:        this->~Callback();
        -: 1436:        new (this) Callback(func);
        -: 1437:    }
        -: 1438:
        -: 1439:    /** Attach a member function
        -: 1440:     *  @param obj      Pointer to object to invoke member function on
        -: 1441:     *  @param method   Member function to attach
        -: 1442:     *  @deprecated
        -: 1443:     *      Replaced by simple assignment 'Callback cb = func'
        -: 1444:     */
        -: 1445:    template<typename T, typename U>
        -: 1446:    MBED_DEPRECATED_SINCE("mbed-os-5.4",
        -: 1447:        "Replaced by simple assignment 'Callback cb = func")
        -: 1448:    void attach(U *obj, R (T::*method)(A0, A1)) {
        -: 1449:        this->~Callback();
        -: 1450:        new (this) Callback(obj, method);
        -: 1451:    }
        -: 1452:
        -: 1453:    /** Attach a member function
        -: 1454:     *  @param obj      Pointer to object to invoke member function on
        -: 1455:     *  @param method   Member function to attach
        -: 1456:     *  @deprecated
        -: 1457:     *      Replaced by simple assignment 'Callback cb = func'
        -: 1458:     */
        -: 1459:    template<typename T, typename U>
        -: 1460:    MBED_DEPRECATED_SINCE("mbed-os-5.4",
        -: 1461:        "Replaced by simple assignment 'Callback cb = func")
        -: 1462:    void attach(const U *obj, R (T::*method)(A0, A1) const) {
        -: 1463:        this->~Callback();
        -: 1464:        new (this) Callback(obj, method);
        -: 1465:    }
        -: 1466:
        -: 1467:    /** Attach a member function
        -: 1468:     *  @param obj      Pointer to object to invoke member function on
        -: 1469:     *  @param method   Member function to attach
        -: 1470:     *  @deprecated
        -: 1471:     *      Replaced by simple assignment 'Callback cb = func'
        -: 1472:     */
        -: 1473:    template<typename T, typename U>
        -: 1474:    MBED_DEPRECATED_SINCE("mbed-os-5.4",
        -: 1475:        "Replaced by simple assignment 'Callback cb = func")
        -: 1476:    void attach(volatile U *obj, R (T::*method)(A0, A1) volatile) {
        -: 1477:        this->~Callback();
        -: 1478:        new (this) Callback(obj, method);
        -: 1479:    }
        -: 1480:
        -: 1481:    /** Attach a member function
        -: 1482:     *  @param obj      Pointer to object to invoke member function on
        -: 1483:     *  @param method   Member function to attach
        -: 1484:     *  @deprecated
        -: 1485:     *      Replaced by simple assignment 'Callback cb = func'
        -: 1486:     */
        -: 1487:    template<typename T, typename U>
        -: 1488:    MBED_DEPRECATED_SINCE("mbed-os-5.4",
        -: 1489:        "Replaced by simple assignment 'Callback cb = func")
        -: 1490:    void attach(const volatile U *obj, R (T::*method)(A0, A1) const volatile) {
        -: 1491:        this->~Callback();
        -: 1492:        new (this) Callback(obj, method);
        -: 1493:    }
        -: 1494:
        -: 1495:    /** Attach a static function with a bound pointer
        -: 1496:     *  @param func     Static function to attach
        -: 1497:     *  @param arg      Pointer argument to function
        -: 1498:     *  @deprecated
        -: 1499:     *      Replaced by simple assignment 'Callback cb = func'
        -: 1500:     */
        -: 1501:    template <typename T, typename U>
        -: 1502:    MBED_DEPRECATED_SINCE("mbed-os-5.4",
        -: 1503:        "Replaced by simple assignment 'Callback cb = func")
        -: 1504:    void attach(R (*func)(T*, A0, A1), U *arg) {
        -: 1505:        this->~Callback();
        -: 1506:        new (this) Callback(func, arg);
        -: 1507:    }
        -: 1508:
        -: 1509:    /** Attach a static function with a bound pointer
        -: 1510:     *  @param func     Static function to attach
        -: 1511:     *  @param arg      Pointer argument to function
        -: 1512:     *  @deprecated
        -: 1513:     *      Replaced by simple assignment 'Callback cb = func'
        -: 1514:     */
        -: 1515:    template <typename T, typename U>
        -: 1516:    MBED_DEPRECATED_SINCE("mbed-os-5.4",
        -: 1517:        "Replaced by simple assignment 'Callback cb = func")
        -: 1518:    void attach(R (*func)(const T*, A0, A1), const U *arg) {
        -: 1519:        this->~Callback();
        -: 1520:        new (this) Callback(func, arg);
        -: 1521:    }
        -: 1522:
        -: 1523:    /** Attach a static function with a bound pointer
        -: 1524:     *  @param func     Static function to attach
        -: 1525:     *  @param arg      Pointer argument to function
        -: 1526:     *  @deprecated
        -: 1527:     *      Replaced by simple assignment 'Callback cb = func'
        -: 1528:     */
        -: 1529:    template <typename T, typename U>
        -: 1530:    MBED_DEPRECATED_SINCE("mbed-os-5.4",
        -: 1531:        "Replaced by simple assignment 'Callback cb = func")
        -: 1532:    void attach(R (*func)(volatile T*, A0, A1), volatile U *arg) {
        -: 1533:        this->~Callback();
        -: 1534:        new (this) Callback(func, arg);
        -: 1535:    }
        -: 1536:
        -: 1537:    /** Attach a static function with a bound pointer
        -: 1538:     *  @param func     Static function to attach
        -: 1539:     *  @param arg      Pointer argument to function
        -: 1540:     *  @deprecated
        -: 1541:     *      Replaced by simple assignment 'Callback cb = func'
        -: 1542:     */
        -: 1543:    template <typename T, typename U>
        -: 1544:    MBED_DEPRECATED_SINCE("mbed-os-5.4",
        -: 1545:        "Replaced by simple assignment 'Callback cb = func")
        -: 1546:    void attach(R (*func)(const volatile T*, A0, A1), const volatile U *arg) {
        -: 1547:        this->~Callback();
        -: 1548:        new (this) Callback(func, arg);
        -: 1549:    }
        -: 1550:
        -: 1551:    /** Attach a function object
        -: 1552:     *  @param f Function object to attach
        -: 1553:     *  @note The function object is limited to a single word of storage
        -: 1554:     *  @deprecated
        -: 1555:     *      Replaced by simple assignment 'Callback cb = func'
        -: 1556:     */
        -: 1557:    template <typename F>
        -: 1558:    MBED_DEPRECATED_SINCE("mbed-os-5.4",
        -: 1559:        "Replaced by simple assignment 'Callback cb = func")
        -: 1560:    void attach(F f, MBED_ENABLE_IF_CALLBACK_COMPATIBLE(F, R (F::*)(A0, A1))) {
        -: 1561:        this->~Callback();
        -: 1562:        new (this) Callback(f);
        -: 1563:    }
        -: 1564:
        -: 1565:    /** Attach a function object
        -: 1566:     *  @param f Function object to attach
        -: 1567:     *  @note The function object is limited to a single word of storage
        -: 1568:     *  @deprecated
        -: 1569:     *      Replaced by simple assignment 'Callback cb = func'
        -: 1570:     */
        -: 1571:    template <typename F>
        -: 1572:    MBED_DEPRECATED_SINCE("mbed-os-5.4",
        -: 1573:        "Replaced by simple assignment 'Callback cb = func")
        -: 1574:    void attach(const F f, MBED_ENABLE_IF_CALLBACK_COMPATIBLE(F, R (F::*)(A0, A1) const)) {
        -: 1575:        this->~Callback();
        -: 1576:        new (this) Callback(f);
        -: 1577:    }
        -: 1578:
        -: 1579:    /** Attach a function object
        -: 1580:     *  @param f Function object to attach
        -: 1581:     *  @note The function object is limited to a single word of storage
        -: 1582:     *  @deprecated
        -: 1583:     *      Replaced by simple assignment 'Callback cb = func'
[...]
        -: 4212: *  @return         Callback with infered type
        -: 4213: */
        -: 4214:template <typename R, typename A0, typename A1, typename A2, typename A3>
        -: 4215:Callback<R(A0, A1, A2, A3)> callback(R (*func)(A0, A1, A2, A3) = 0) {
        -: 4216:    return Callback<R(A0, A1, A2, A3)>(func);
        -: 4217:}
        -: 4218:
        -: 4219:/** Create a callback class with type infered from the arguments
        -: 4220: *
        -: 4221: *  @param func     Static function to attach
        -: 4222: *  @return         Callback with infered type
        -: 4223: */
        -: 4224:template <typename R, typename A0, typename A1, typename A2, typename A3>
        -: 4225:Callback<R(A0, A1, A2, A3)> callback(const Callback<R(A0, A1, A2, A3)> &func) {
        -: 4226:    return Callback<R(A0, A1, A2, A3)>(func);
        -: 4227:}
        -: 4228:
        -: 4229:/** Create a callback class with type infered from the arguments
        -: 4230: *
        -: 4231: *  @param obj      Optional pointer to object to bind to function
        -: 4232: *  @param method   Member function to attach
        -: 4233: *  @return         Callback with infered type
        -: 4234: */
        -: 4235:template<typename T, typename U, typename R, typename A0, typename A1, typename A2, typename A3>
        -: 4236:Callback<R(A0, A1, A2, A3)> callback(U *obj, R (T::*method)(A0, A1, A2, A3)) {
        -: 4237:    return Callback<R(A0, A1, A2, A3)>(obj, method);
        -: 4238:}
        -: 4239:
        -: 4240:/** Create a callback class with type infered from the arguments
        -: 4241: *
        -: 4242: *  @param obj      Optional pointer to object to bind to function
        -: 4243: *  @param method   Member function to attach
        -: 4244: *  @return         Callback with infered type
        -: 4245: */
        -: 4246:template<typename T, typename U, typename R, typename A0, typename A1, typename A2, typename A3>
        -: 4247:Callback<R(A0, A1, A2, A3)> callback(const U *obj, R (T::*method)(A0, A1, A2, A3) const) {
        -: 4248:    return Callback<R(A0, A1, A2, A3)>(obj, method);
        -: 4249:}
        -: 4250:
        -: 4251:/** Create a callback class with type infered from the arguments
        -: 4252: *
        -: 4253: *  @param obj      Optional pointer to object to bind to function
        -: 4254: *  @param method   Member function to attach
        -: 4255: *  @return         Callback with infered type
        -: 4256: */
        -: 4257:template<typename T, typename U, typename R, typename A0, typename A1, typename A2, typename A3>
        -: 4258:Callback<R(A0, A1, A2, A3)> callback(volatile U *obj, R (T::*method)(A0, A1, A2, A3) volatile) {
        -: 4259:    return Callback<R(A0, A1, A2, A3)>(obj, method);
        -: 4260:}
        -: 4261:
        -: 4262:/** Create a callback class with type infered from the arguments
        -: 4263: *
        -: 4264: *  @param obj      Optional pointer to object to bind to function
        -: 4265: *  @param method   Member function to attach
        -: 4266: *  @return         Callback with infered type
        -: 4267: */
        -: 4268:template<typename T, typename U, typename R, typename A0, typename A1, typename A2, typename A3>
        -: 4269:Callback<R(A0, A1, A2, A3)> callback(const volatile U *obj, R (T::*method)(A0, A1, A2, A3) const volatile) {
        -: 4270:    return Callback<R(A0, A1, A2, A3)>(obj, method);
        -: 4271:}
        -: 4272:
        -: 4273:/** Create a callback class with type infered from the arguments
        -: 4274: *
        -: 4275: *  @param func     Static function to attach
        -: 4276: *  @param arg      Pointer argument to function
        -: 4277: *  @return         Callback with infered type
        -: 4278: */
        -: 4279:template <typename T, typename U, typename R, typename A0, typename A1, typename A2, typename A3>
        -: 4280:Callback<R(A0, A1, A2, A3)> callback(R (*func)(T*, A0, A1, A2, A3), U *arg) {
        -: 4281:    return Callback<R(A0, A1, A2, A3)>(func, arg);
        -: 4282:}
        -: 4283:
        -: 4284:/** Create a callback class with type infered from the arguments
        -: 4285: *
        -: 4286: *  @param func     Static function to attach
        -: 4287: *  @param arg      Pointer argument to function
        -: 4288: *  @return         Callback with infered type
        -: 4289: */
        -: 4290:template <typename T, typename U, typename R, typename A0, typename A1, typename A2, typename A3>
        -: 4291:Callback<R(A0, A1, A2, A3)> callback(R (*func)(const T*, A0, A1, A2, A3), const U *arg) {
        -: 4292:    return Callback<R(A0, A1, A2, A3)>(func, arg);
        -: 4293:}
        -: 4294:
        -: 4295:/** Create a callback class with type infered from the arguments
        -: 4296: *
        -: 4297: *  @param func     Static function to attach
        -: 4298: *  @param arg      Pointer argument to function
        -: 4299: *  @return         Callback with infered type
        -: 4300: */
        -: 4301:template <typename T, typename U, typename R, typename A0, typename A1, typename A2, typename A3>
        -: 4302:Callback<R(A0, A1, A2, A3)> callback(R (*func)(volatile T*, A0, A1, A2, A3), volatile U *arg) {
        -: 4303:    return Callback<R(A0, A1, A2, A3)>(func, arg);
        -: 4304:}
        -: 4305:
        -: 4306:/** Create a callback class with type infered from the arguments
        -: 4307: *
        -: 4308: *  @param func     Static function to attach
        -: 4309: *  @param arg      Pointer argument to function
        -: 4310: *  @return         Callback with infered type
        -: 4311: */
        -: 4312:template <typename T, typename U, typename R, typename A0, typename A1, typename A2, typename A3>
        -: 4313:Callback<R(A0, A1, A2, A3)> callback(R (*func)(const volatile T*, A0, A1, A2, A3), const volatile U *arg) {
        -: 4314:    return Callback<R(A0, A1, A2, A3)>(func, arg);
        -: 4315:}
        -: 4316:
        -: 4317:/** Create a callback class with type infered from the arguments
        -: 4318: *
        -: 4319: *  @param obj  Optional pointer to object to bind to function
        -: 4320: *  @param func Static function to attach
        -: 4321: *  @return     Callback with infered type
        -: 4322: *  @deprecated
        -: 4323: *      Arguments to callback have been reordered to callback(func, arg)
        -: 4324: */
        -: 4325:template <typename T, typename U, typename R, typename A0, typename A1, typename A2, typename A3>
        -: 4326:MBED_DEPRECATED_SINCE("mbed-os-5.1",
        -: 4327:    "Arguments to callback have been reordered to callback(func, arg)")
        -: 4328:Callback<R(A0, A1, A2, A3)> callback(U *obj, R (*func)(T*, A0, A1, A2, A3)) {
        -: 4329:    return Callback<R(A0, A1, A2, A3)>(func, obj);
        -: 4330:}
        -: 4331:
        -: 4332:/** Create a callback class with type infered from the arguments
        -: 4333: *
        -: 4334: *  @param obj  Optional pointer to object to bind to function
        -: 4335: *  @param func Static function to attach
        -: 4336: *  @return     Callback with infered type
        -: 4337: *  @deprecated
        -: 4338: *      Arguments to callback have been reordered to callback(func, arg)
        -: 4339: */
        -: 4340:template <typename T, typename U, typename R, typename A0, typename A1, typename A2, typename A3>
        -: 4341:MBED_DEPRECATED_SINCE("mbed-os-5.1",
        -: 4342:    "Arguments to callback have been reordered to callback(func, arg)")
        -: 4343:Callback<R(A0, A1, A2, A3)> callback(const U *obj, R (*func)(const T*, A0, A1, A2, A3)) {
        -: 4344:    return Callback<R(A0, A1, A2, A3)>(func, obj);
        -: 4345:}
        -: 4346:
        -: 4347:/** Create a callback class with type infered from the arguments
        -: 4348: *
        -: 4349: *  @param obj  Optional pointer to object to bind to function
        -: 4350: *  @param func Static function to attach
        -: 4351: *  @return     Callback with infered type
        -: 4352: *  @deprecated
        -: 4353: *      Arguments to callback have been reordered to callback(func, arg)
        -: 4354: */
        -: 4355:template <typename T, typename U, typename R, typename A0, typename A1, typename A2, typename A3>
        -: 4356:MBED_DEPRECATED_SINCE("mbed-os-5.1",
        -: 4357:    "Arguments to callback have been reordered to callback(func, arg)")
        -: 4358:Callback<R(A0, A1, A2, A3)> callback(volatile U *obj, R (*func)(volatile T*, A0, A1, A2, A3)) {
        -: 4359:    return Callback<R(A0, A1, A2, A3)>(func, obj);
        -: 4360:}
        -: 4361:
        -: 4362:/** Create a callback class with type infered from the arguments
        -: 4363: *
        -: 4364: *  @param obj  Optional pointer to object to bind to function
        -: 4365: *  @param func Static function to attach
        -: 4366: *  @return     Callback with infered type
        -: 4367: *  @deprecated
        -: 4368: *      Arguments to callback have been reordered to callback(func, arg)
        -: 4369: */
        -: 4370:template <typename T, typename U, typename R, typename A0, typename A1, typename A2, typename A3>
        -: 4371:MBED_DEPRECATED_SINCE("mbed-os-5.1",
        -: 4372:    "Arguments to callback have been reordered to callback(func, arg)")
        -: 4373:Callback<R(A0, A1, A2, A3)> callback(const volatile U *obj, R (*func)(const volatile T*, A0, A1, A2, A3)) {
        -: 4374:    return Callback<R(A0, A1, A2, A3)>(func, obj);
        -: 4375:}
        -: 4376:
        -: 4377:
        -: 4378:/** Create a callback class with type infered from the arguments
        -: 4379: *
        -: 4380: *  @param func     Static function to attach
        -: 4381: *  @return         Callback with infered type
        -: 4382: */
        -: 4383:template <typename R, typename A0, typename A1, typename A2, typename A3, typename A4>
        -: 4384:Callback<R(A0, A1, A2, A3, A4)> callback(R (*func)(A0, A1, A2, A3, A4) = 0) {
        -: 4385:    return Callback<R(A0, A1, A2, A3, A4)>(func);
        -: 4386:}
        -: 4387:
        -: 4388:/** Create a callback class with type infered from the arguments
        -: 4389: *
        -: 4390: *  @param func     Static function to attach
        -: 4391: *  @return         Callback with infered type
        -: 4392: */
        -: 4393:template <typename R, typename A0, typename A1, typename A2, typename A3, typename A4>
        -: 4394:Callback<R(A0, A1, A2, A3, A4)> callback(const Callback<R(A0, A1, A2, A3, A4)> &func) {
        -: 4395:    return Callback<R(A0, A1, A2, A3, A4)>(func);
        -: 4396:}
        -: 4397:
        -: 4398:/** Create a callback class with type infered from the arguments
        -: 4399: *
        -: 4400: *  @param obj      Optional pointer to object to bind to function
        -: 4401: *  @param method   Member function to attach
        -: 4402: *  @return         Callback with infered type
        -: 4403: */
        -: 4404:template<typename T, typename U, typename R, typename A0, typename A1, typename A2, typename A3, typename A4>
        -: 4405:Callback<R(A0, A1, A2, A3, A4)> callback(U *obj, R (T::*method)(A0, A1, A2, A3, A4)) {
        -: 4406:    return Callback<R(A0, A1, A2, A3, A4)>(obj, method);
        -: 4407:}
        -: 4408:
        -: 4409:/** Create a callback class with type infered from the arguments
        -: 4410: *
        -: 4411: *  @param obj      Optional pointer to object to bind to function
        -: 4412: *  @param method   Member function to attach
        -: 4413: *  @return         Callback with infered type
        -: 4414: */
        -: 4415:template<typename T, typename U, typename R, typename A0, typename A1, typename A2, typename A3, typename A4>
        -: 4416:Callback<R(A0, A1, A2, A3, A4)> callback(const U *obj, R (T::*method)(A0, A1, A2, A3, A4) const) {
        -: 4417:    return Callback<R(A0, A1, A2, A3, A4)>(obj, method);
        -: 4418:}
        -: 4419:
        -: 4420:/** Create a callback class with type infered from the arguments
        -: 4421: *
        -: 4422: *  @param obj      Optional pointer to object to bind to function
        -: 4423: *  @param method   Member function to attach
        -: 4424: *  @return         Callback with infered type
        -: 4425: */
        -: 4426:template<typename T, typename U, typename R, typename A0, typename A1, typename A2, typename A3, typename A4>
        -: 4427:Callback<R(A0, A1, A2, A3, A4)> callback(volatile U *obj, R (T::*method)(A0, A1, A2, A3, A4) volatile) {
        -: 4428:    return Callback<R(A0, A1, A2, A3, A4)>(obj, method);
        -: 4429:}
        -: 4430:
        -: 4431:/** Create a callback class with type infered from the arguments
        -: 4432: *
        -: 4433: *  @param obj      Optional pointer to object to bind to function
        -: 4434: *  @param method   Member function to attach
        -: 4435: *  @return         Callback with infered type
        -: 4436: */
        -: 4437:template<typename T, typename U, typename R, typename A0, typename A1, typename A2, typename A3, typename A4>
        -: 4438:Callback<R(A0, A1, A2, A3, A4)> callback(const volatile U *obj, R (T::*method)(A0, A1, A2, A3, A4) const volatile) {
        -: 4439:    return Callback<R(A0, A1, A2, A3, A4)>(obj, method);
        -: 4440:}
        -: 4441:
        -: 4442:/** Create a callback class with type infered from the arguments
        -: 4443: *
        -: 4444: *  @param func     Static function to attach
        -: 4445: *  @param arg      Pointer argument to function
        -: 4446: *  @return         Callback with infered type
        -: 4447: */
        -: 4448:template <typename T, typename U, typename R, typename A0, typename A1, typename A2, typename A3, typename A4>
        -: 4449:Callback<R(A0, A1, A2, A3, A4)> callback(R (*func)(T*, A0, A1, A2, A3, A4), U *arg) {
        -: 4450:    return Callback<R(A0, A1, A2, A3, A4)>(func, arg);
        -: 4451:}
        -: 4452:
        -: 4453:/** Create a callback class with type infered from the arguments
        -: 4454: *
        -: 4455: *  @param func     Static function to attach
        -: 4456: *  @param arg      Pointer argument to function
        -: 4457: *  @return         Callback with infered type
        -: 4458: */
        -: 4459:template <typename T, typename U, typename R, typename A0, typename A1, typename A2, typename A3, typename A4>
        -: 4460:Callback<R(A0, A1, A2, A3, A4)> callback(R (*func)(const T*, A0, A1, A2, A3, A4), const U *arg) {
        -: 4461:    return Callback<R(A0, A1, A2, A3, A4)>(func, arg);
        -: 4462:}
        -: 4463:
        -: 4464:/** Create a callback class with type infered from the arguments
        -: 4465: *
        -: 4466: *  @param func     Static function to attach
        -: 4467: *  @param arg      Pointer argument to function
        -: 4468: *  @return         Callback with infered type
        -: 4469: */
        -: 4470:template <typename T, typename U, typename R, typename A0, typename A1, typename A2, typename A3, typename A4>
        -: 4471:Callback<R(A0, A1, A2, A3, A4)> callback(R (*func)(volatile T*, A0, A1, A2, A3, A4), volatile U *arg) {
        -: 4472:    return Callback<R(A0, A1, A2, A3, A4)>(func, arg);
        -: 4473:}
        -: 4474:
        -: 4475:/** Create a callback class with type infered from the arguments
        -: 4476: *
        -: 4477: *  @param func     Static function to attach
        -: 4478: *  @param arg      Pointer argument to function
        -: 4479: *  @return         Callback with infered type
        -: 4480: */
        -: 4481:template <typename T, typename U, typename R, typename A0, typename A1, typename A2, typename A3, typename A4>
        -: 4482:Callback<R(A0, A1, A2, A3, A4)> callback(R (*func)(const volatile T*, A0, A1, A2, A3, A4), const volatile U *arg) {
        -: 4483:    return Callback<R(A0, A1, A2, A3, A4)>(func, arg);
        -: 4484:}
        -: 4485:
        -: 4486:/** Create a callback class with type infered from the arguments
        -: 4487: *
        -: 4488: *  @param obj  Optional pointer to object to bind to function
        -: 4489: *  @param func Static function to attach
        -: 4490: *  @return     Callback with infered type
        -: 4491: *  @deprecated
        -: 4492: *      Arguments to callback have been reordered to callback(func, arg)
        -: 4493: */
        -: 4494:template <typename T, typename U, typename R, typename A0, typename A1, typename A2, typename A3, typename A4>
        -: 4495:MBED_DEPRECATED_SINCE("mbed-os-5.1",
        -: 4496:    "Arguments to callback have been reordered to callback(func, arg)")
        -: 4497:Callback<R(A0, A1, A2, A3, A4)> callback(U *obj, R (*func)(T*, A0, A1, A2, A3, A4)) {
        -: 4498:    return Callback<R(A0, A1, A2, A3, A4)>(func, obj);
        -: 4499:}
        -: 4500:
        -: 4501:/** Create a callback class with type infered from the arguments
        -: 4502: *
        -: 4503: *  @param obj  Optional pointer to object to bind to function
        -: 4504: *  @param func Static function to attach
        -: 4505: *  @return     Callback with infered type
        -: 4506: *  @deprecated
        -: 4507: *      Arguments to callback have been reordered to callback(func, arg)
        -: 4508: */
        -: 4509:template <typename T, typename U, typename R, typename A0, typename A1, typename A2, typename A3, typename A4>
        -: 4510:MBED_DEPRECATED_SINCE("mbed-os-5.1",
        -: 4511:    "Arguments to callback have been reordered to callback(func, arg)")
        -: 4512:Callback<R(A0, A1, A2, A3, A4)> callback(const U *obj, R (*func)(const T*, A0, A1, A2, A3, A4)) {
        -: 4513:    return Callback<R(A0, A1, A2, A3, A4)>(func, obj);
        -: 4514:}
        -: 4515:
        -: 4516:/** Create a callback class with type infered from the arguments
        -: 4517: *
        -: 4518: *  @param obj  Optional pointer to object to bind to function
        -: 4519: *  @param func Static function to attach
        -: 4520: *  @return     Callback with infered type
        -: 4521: *  @deprecated
        -: 4522: *      Arguments to callback have been reordered to callback(func, arg)
        -: 4523: */
        -: 4524:template <typename T, typename U, typename R, typename A0, typename A1, typename A2, typename A3, typename A4>
        -: 4525:MBED_DEPRECATED_SINCE("mbed-os-5.1",
        -: 4526:    "Arguments to callback have been reordered to callback(func, arg)")
        -: 4527:Callback<R(A0, A1, A2, A3, A4)> callback(volatile U *obj, R (*func)(volatile T*, A0, A1, A2, A3, A4)) {
        -: 4528:    return Callback<R(A0, A1, A2, A3, A4)>(func, obj);
        -: 4529:}
        -: 4530:
        -: 4531:/** Create a callback class with type infered from the arguments
        -: 4532: *
        -: 4533: *  @param obj  Optional pointer to object to bind to function
        -: 4534: *  @param func Static function to attach
        -: 4535: *  @return     Callback with infered type
        -: 4536: *  @deprecated
        -: 4537: *      Arguments to callback have been reordered to callback(func, arg)
        -: 4538: */
        -: 4539:template <typename T, typename U, typename R, typename A0, typename A1, typename A2, typename A3, typename A4>
        -: 4540:MBED_DEPRECATED_SINCE("mbed-os-5.1",
        -: 4541:    "Arguments to callback have been reordered to callback(func, arg)")
        -: 4542:Callback<R(A0, A1, A2, A3, A4)> callback(const volatile U *obj, R (*func)(const volatile T*, A0, A1, A2, A3, A4)) {
        -: 4543:    return Callback<R(A0, A1, A2, A3, A4)>(func, obj);
        -: 4544:}
        -: 4545:
        -: 4546:/**@}*/
        -: 4547:
        -: 4548:/**@}*/
        -: 4549:
        -: 4550:} // namespace mbed
        -: 4551:
        -: 4552:#endif
