        -:    0:Source:../../../framework/AT/AT_CellularBase.cpp
        -:    0:Graph:objs/AT_CellularBase_unit/AT_CellularBase.gcno
        -:    0:Data:objs/AT_CellularBase_unit/AT_CellularBase.gcda
        -:    0:Runs:1
        -:    0:Programs:1
        -:    1:/*
        -:    2: * Copyright (c) 2017, Arm Limited and affiliates.
        -:    3: * SPDX-License-Identifier: Apache-2.0
        -:    4: *
        -:    5: * Licensed under the Apache License, Version 2.0 (the "License");
        -:    6: * you may not use this file except in compliance with the License.
        -:    7: * You may obtain a copy of the License at
        -:    8: *
        -:    9: *     http://www.apache.org/licenses/LICENSE-2.0
        -:   10: *
        -:   11: * Unless required by applicable law or agreed to in writing, software
        -:   12: * distributed under the License is distributed on an "AS IS" BASIS,
        -:   13: * WITHOUT WARRANTIES OR CONDITIONS OF ANY KIND, either express or implied.
        -:   14: * See the License for the specific language governing permissions and
        -:   15: * limitations under the License.
        -:   16: */
        -:   17:
        -:   18:#include "AT_CellularBase.h"
        -:   19:
        -:   20:using namespace mbed;
        -:   21:
        2:   22:AT_CellularBase::AT_CellularBase(ATHandler& at) : _at(at)
        -:   23:{
        -:   24:
        2:   25:}
        -:   26:
        1:   27:ATHandler& AT_CellularBase::get_at_handler()
        -:   28:{
        1:   29:    return _at;
        -:   30:}
        -:   31:
        1:   32:device_err_t AT_CellularBase::get_device_error() const
        -:   33:{
        1:   34:    return _at.get_last_device_error();
        -:   35:}
        -:   36:
